<?xml version="1.0" encoding="UTF-8"?>
<testng-results ignored="0" total="7" passed="6" failed="1" skipped="0">
  <reporter-output>
  </reporter-output>
  <suite started-at="2022-04-28T15:21:10 IST" name="Default suite" finished-at="2022-04-28T15:29:31 IST" duration-ms="501652">
    <groups>
    </groups>
    <test started-at="2022-04-28T15:21:10 IST" name="Default test" finished-at="2022-04-28T15:29:31 IST" duration-ms="501652">
      <class name="testngexample.DataProvider2">
        <test-method is-config="true" signature="setUp()[pri:0, instance:testngexample.DataProvider2@35047d03]" started-at="2022-04-28T15:21:10 IST" name="setUp" finished-at="2022-04-28T15:21:29 IST" duration-ms="19571" status="PASS">
          <reporter-output>
          </reporter-output>
        </test-method> <!-- setUp -->
        <test-method signature="testSearchCountry(java.lang.String)[pri:0, instance:testngexample.DataProvider2@35047d03]" started-at="2022-04-28T15:21:29 IST" name="testSearchCountry" data-provider="myTest" finished-at="2022-04-28T15:22:07 IST" duration-ms="38154" status="PASS">
          <params>
            <param index="0">
              <value>
                <![CDATA[India]]>
              </value>
            </param>
          </params>
          <reporter-output>
          </reporter-output>
        </test-method> <!-- testSearchCountry -->
        <test-method is-config="true" signature="tearDown()[pri:0, instance:testngexample.DataProvider2@35047d03]" started-at="2022-04-28T15:22:07 IST" name="tearDown" finished-at="2022-04-28T15:22:08 IST" duration-ms="674" status="PASS">
          <reporter-output>
          </reporter-output>
        </test-method> <!-- tearDown -->
        <test-method is-config="true" signature="setUp()[pri:0, instance:testngexample.DataProvider2@35047d03]" started-at="2022-04-28T15:22:08 IST" name="setUp" finished-at="2022-04-28T15:22:13 IST" duration-ms="5173" status="PASS">
          <reporter-output>
          </reporter-output>
        </test-method> <!-- setUp -->
        <test-method signature="testSearchCountry(java.lang.String)[pri:0, instance:testngexample.DataProvider2@35047d03]" started-at="2022-04-28T15:22:13 IST" name="testSearchCountry" data-provider="myTest" finished-at="2022-04-28T15:22:51 IST" duration-ms="37886" status="PASS">
          <params>
            <param index="0">
              <value>
                <![CDATA[Brazil]]>
              </value>
            </param>
          </params>
          <reporter-output>
          </reporter-output>
        </test-method> <!-- testSearchCountry -->
        <test-method is-config="true" signature="tearDown()[pri:0, instance:testngexample.DataProvider2@35047d03]" started-at="2022-04-28T15:22:51 IST" name="tearDown" finished-at="2022-04-28T15:22:52 IST" duration-ms="1216" status="PASS">
          <reporter-output>
          </reporter-output>
        </test-method> <!-- tearDown -->
        <test-method is-config="true" signature="setUp()[pri:0, instance:testngexample.DataProvider2@35047d03]" started-at="2022-04-28T15:22:52 IST" name="setUp" finished-at="2022-04-28T15:23:01 IST" duration-ms="8852" status="PASS">
          <reporter-output>
          </reporter-output>
        </test-method> <!-- setUp -->
        <test-method signature="testSearchCountry(java.lang.String)[pri:0, instance:testngexample.DataProvider2@35047d03]" started-at="2022-04-28T15:23:01 IST" name="testSearchCountry" data-provider="myTest" finished-at="2022-04-28T15:23:54 IST" duration-ms="52886" status="PASS">
          <params>
            <param index="0">
              <value>
                <![CDATA[Canada]]>
              </value>
            </param>
          </params>
          <reporter-output>
          </reporter-output>
        </test-method> <!-- testSearchCountry -->
        <test-method is-config="true" signature="tearDown()[pri:0, instance:testngexample.DataProvider2@35047d03]" started-at="2022-04-28T15:23:54 IST" name="tearDown" finished-at="2022-04-28T15:23:57 IST" duration-ms="2317" status="PASS">
          <reporter-output>
          </reporter-output>
        </test-method> <!-- tearDown -->
        <test-method is-config="true" signature="setUp()[pri:0, instance:testngexample.DataProvider2@35047d03]" started-at="2022-04-28T15:23:57 IST" name="setUp" finished-at="2022-04-28T15:24:09 IST" duration-ms="12290" status="PASS">
          <reporter-output>
          </reporter-output>
        </test-method> <!-- setUp -->
        <test-method signature="testSearchCountry(java.lang.String)[pri:0, instance:testngexample.DataProvider2@35047d03]" started-at="2022-04-28T15:24:09 IST" name="testSearchCountry" data-provider="myTest" finished-at="2022-04-28T15:25:46 IST" duration-ms="96822" status="PASS">
          <params>
            <param index="0">
              <value>
                <![CDATA[Sri Lanka]]>
              </value>
            </param>
          </params>
          <reporter-output>
          </reporter-output>
        </test-method> <!-- testSearchCountry -->
        <test-method is-config="true" signature="tearDown()[pri:0, instance:testngexample.DataProvider2@35047d03]" started-at="2022-04-28T15:25:46 IST" name="tearDown" finished-at="2022-04-28T15:25:46 IST" duration-ms="469" status="PASS">
          <reporter-output>
          </reporter-output>
        </test-method> <!-- tearDown -->
        <test-method is-config="true" signature="setUp()[pri:0, instance:testngexample.DataProvider2@35047d03]" started-at="2022-04-28T15:25:46 IST" name="setUp" finished-at="2022-04-28T15:25:53 IST" duration-ms="6483" status="PASS">
          <reporter-output>
          </reporter-output>
        </test-method> <!-- setUp -->
        <test-method signature="testSearchCountry(java.lang.String)[pri:0, instance:testngexample.DataProvider2@35047d03]" started-at="2022-04-28T15:25:53 IST" name="testSearchCountry" data-provider="myTest" finished-at="2022-04-28T15:26:36 IST" duration-ms="43442" status="PASS">
          <params>
            <param index="0">
              <value>
                <![CDATA[England]]>
              </value>
            </param>
          </params>
          <reporter-output>
          </reporter-output>
        </test-method> <!-- testSearchCountry -->
        <test-method is-config="true" signature="tearDown()[pri:0, instance:testngexample.DataProvider2@35047d03]" started-at="2022-04-28T15:26:36 IST" name="tearDown" finished-at="2022-04-28T15:26:37 IST" duration-ms="570" status="PASS">
          <reporter-output>
          </reporter-output>
        </test-method> <!-- tearDown -->
        <test-method is-config="true" signature="setUp()[pri:0, instance:testngexample.DataProvider2@35047d03]" started-at="2022-04-28T15:26:37 IST" name="setUp" finished-at="2022-04-28T15:26:46 IST" duration-ms="9127" status="PASS">
          <reporter-output>
          </reporter-output>
        </test-method> <!-- setUp -->
        <test-method signature="testSearchCountry(java.lang.String)[pri:0, instance:testngexample.DataProvider2@35047d03]" started-at="2022-04-28T15:26:46 IST" name="testSearchCountry" data-provider="myTest" finished-at="2022-04-28T15:27:46 IST" duration-ms="60449" status="FAIL">
          <params>
            <param index="0">
              <value>
                <![CDATA[UK]]>
              </value>
            </param>
          </params>
          <exception class="java.lang.AssertionError">
            <message>
              <![CDATA[expected [true] but found [false]]]>
            </message>
            <full-stacktrace>
              <![CDATA[java.lang.AssertionError: expected [true] but found [false]
at org.testng.Assert.fail(Assert.java:99)
at org.testng.Assert.failNotEquals(Assert.java:1037)
at org.testng.Assert.assertTrue(Assert.java:45)
at org.testng.Assert.assertTrue(Assert.java:55)
at testngexample.DataProvider2.testSearchCountry(DataProvider2.java:54)
at java.base/jdk.internal.reflect.NativeMethodAccessorImpl.invoke0(Native Method)
at java.base/jdk.internal.reflect.NativeMethodAccessorImpl.invoke(NativeMethodAccessorImpl.java:77)
at java.base/jdk.internal.reflect.DelegatingMethodAccessorImpl.invoke(DelegatingMethodAccessorImpl.java:43)
at java.base/java.lang.reflect.Method.invoke(Method.java:568)
at org.testng.internal.MethodInvocationHelper.invokeMethod(MethodInvocationHelper.java:133)
at org.testng.internal.TestInvoker.invokeMethod(TestInvoker.java:598)
at org.testng.internal.TestInvoker.invokeTestMethod(TestInvoker.java:173)
at org.testng.internal.MethodRunner.runInSequence(MethodRunner.java:46)
at org.testng.internal.TestInvoker$MethodInvocationAgent.invoke(TestInvoker.java:824)
at org.testng.internal.TestInvoker.invokeTestMethods(TestInvoker.java:146)
at org.testng.internal.TestMethodWorker.invokeTestMethods(TestMethodWorker.java:146)
at org.testng.internal.TestMethodWorker.run(TestMethodWorker.java:128)
at java.base/java.util.ArrayList.forEach(ArrayList.java:1511)
at org.testng.TestRunner.privateRun(TestRunner.java:794)
at org.testng.TestRunner.run(TestRunner.java:596)
at org.testng.SuiteRunner.runTest(SuiteRunner.java:377)
at org.testng.SuiteRunner.runSequentially(SuiteRunner.java:371)
at org.testng.SuiteRunner.privateRun(SuiteRunner.java:332)
at org.testng.SuiteRunner.run(SuiteRunner.java:276)
at org.testng.SuiteRunnerWorker.runSuite(SuiteRunnerWorker.java:53)
at org.testng.SuiteRunnerWorker.run(SuiteRunnerWorker.java:96)
at org.testng.TestNG.runSuitesSequentially(TestNG.java:1212)
at org.testng.TestNG.runSuitesLocally(TestNG.java:1134)
at org.testng.TestNG.runSuites(TestNG.java:1063)
at org.testng.TestNG.run(TestNG.java:1031)
at org.testng.remote.AbstractRemoteTestNG.run(AbstractRemoteTestNG.java:115)
at org.testng.remote.RemoteTestNG.initAndRun(RemoteTestNG.java:251)
at org.testng.remote.RemoteTestNG.main(RemoteTestNG.java:77)
]]>
            </full-stacktrace>
          </exception> <!-- java.lang.AssertionError -->
          <reporter-output>
          </reporter-output>
        </test-method> <!-- testSearchCountry -->
        <test-method is-config="true" signature="tearDown()[pri:0, instance:testngexample.DataProvider2@35047d03]" started-at="2022-04-28T15:27:46 IST" name="tearDown" finished-at="2022-04-28T15:27:50 IST" duration-ms="4165" status="PASS">
          <reporter-output>
          </reporter-output>
        </test-method> <!-- tearDown -->
        <test-method is-config="true" signature="setUp()[pri:0, instance:testngexample.DataProvider2@35047d03]" started-at="2022-04-28T15:27:50 IST" name="setUp" finished-at="2022-04-28T15:28:07 IST" duration-ms="16371" status="PASS">
          <reporter-output>
          </reporter-output>
        </test-method> <!-- setUp -->
        <test-method signature="testSearchCountry(java.lang.String)[pri:0, instance:testngexample.DataProvider2@35047d03]" started-at="2022-04-28T15:28:07 IST" name="testSearchCountry" data-provider="myTest" finished-at="2022-04-28T15:29:30 IST" duration-ms="83614" status="PASS">
          <params>
            <param index="0">
              <value>
                <![CDATA[United States]]>
              </value>
            </param>
          </params>
          <reporter-output>
          </reporter-output>
        </test-method> <!-- testSearchCountry -->
        <test-method is-config="true" signature="tearDown()[pri:0, instance:testngexample.DataProvider2@35047d03]" started-at="2022-04-28T15:29:30 IST" name="tearDown" finished-at="2022-04-28T15:29:31 IST" duration-ms="985" status="PASS">
          <reporter-output>
          </reporter-output>
        </test-method> <!-- tearDown -->
      </class> <!-- testngexample.DataProvider2 -->
    </test> <!-- Default test -->
  </suite> <!-- Default suite -->
</testng-results>
